2019-08-30T15:40:07.977Z - info: [ui] [AppStore] loading 0 repositories from store
2019-08-30T15:40:08.312Z - info: [ui] Opt in reported.
2019-08-30T15:40:08.365Z - info: [ui] [Welcome] no sign in step found. ignoring...
2019-08-30T15:40:08.366Z - info: [ui] [Welcome] no sign in step found. ignoring...
2019-08-30T15:40:08.366Z - info: [ui] [Welcome] no sign in step found. ignoring...
2019-08-30T15:40:08.366Z - info: [ui] [Welcome] no sign in step found. ignoring...
2019-08-30T15:40:08.366Z - info: [ui] [Welcome] no sign in step found. ignoring...
2019-08-30T15:40:08.549Z - info: [ui] [Welcome] no sign in step found. ignoring...
2019-08-30T15:40:08.557Z - info: [ui] [Welcome] no sign in step found. ignoring...
2019-08-30T15:40:08.759Z - info: [ui] launching: 2.1.0 (Mac OS 10.14.6)
2019-08-30T15:40:08.759Z - info: [ui] execPath: '/Applications/GitHub Desktop.app/Contents/Frameworks/GitHub Desktop Helper.app/Contents/MacOS/GitHub Desktop Helper'
2019-08-30T15:40:08.807Z - info: [ui] [Welcome] no sign in step found. ignoring...
2019-08-30T15:40:09.745Z - info: [ui] Executing installGlobalLFSFilter: git lfs install --skip-repo (took 1.173s)
2019-08-30T15:40:10.870Z - info: [ui] [Welcome] advancing to step: SignInToDotCom
2019-08-30T15:40:10.872Z - info: [ui] [Welcome] current sign in state not found. ignoring...
2019-08-30T15:40:18.756Z - info: [ui] [Welcome] kind Authentication is the same as Authentication. ignoring...
2019-08-30T15:40:23.168Z - info: [ui] [Welcome] kind Authentication is the same as Authentication. ignoring...
2019-08-30T15:40:23.825Z - error: [ui] Error checking for updates
Error: The operation couldn’t be completed. (OSStatus error -60006.)
2019-08-30T15:40:28.625Z - info: [ui] [Welcome] kind Authentication is the same as Authentication. ignoring...
2019-08-30T15:40:28.914Z - info: [ui] [Welcome] kind Authentication is the same as Authentication. ignoring...
2019-08-30T15:40:32.576Z - info: [ui] [Welcome] kind Authentication is the same as Authentication. ignoring...
2019-08-30T15:40:33.198Z - info: [ui] [AppStore] adding account kolinbilly (Colin Szeto) to store
2019-08-30T15:40:33.213Z - info: [ui] [Welcome] advancing to step: ConfigureGit
2019-08-30T15:40:33.319Z - info: [ui] [Welcome] no sign in step found. ignoring...
2019-08-30T15:40:33.337Z - info: [ui] [Welcome] no sign in step found. ignoring...
2019-08-30T15:40:33.579Z - info: [ui] [Welcome] no sign in step found. ignoring...
2019-08-30T15:40:40.809Z - info: [ui] [Welcome] no sign in step found. ignoring...
2019-08-30T15:40:41.049Z - info: [ui] [Welcome] no sign in step found. ignoring...
2019-08-30T15:40:52.783Z - info: [ui] [Welcome] no sign in step found. ignoring...
2019-08-30T15:40:52.872Z - info: [ui] [Welcome] no sign in step found. ignoring...
2019-08-30T15:40:53.529Z - info: [ui] [Welcome] no sign in step found. ignoring...
2019-08-30T15:40:53.781Z - info: [ui] [Welcome] no sign in step found. ignoring...
2019-08-30T15:41:12.037Z - info: [ui] [Welcome] no sign in step found. ignoring...
2019-08-30T15:41:12.073Z - info: [ui] [Welcome] no sign in step found. ignoring...
2019-08-30T15:41:14.394Z - info: [ui] [Welcome] no sign in step found. ignoring...
2019-08-30T15:41:14.587Z - info: [ui] [Welcome] no sign in step found. ignoring...
2019-08-30T15:41:15.344Z - info: [ui] [Welcome] no sign in step found. ignoring...
2019-08-30T15:41:15.439Z - info: [ui] [Welcome] no sign in step found. ignoring...
2019-08-30T15:41:21.301Z - info: [ui] [Welcome] advancing to step: Start
2019-08-30T15:41:31.267Z - info: [ui] [Welcome] no sign in step found. ignoring...
2019-08-30T15:41:35.114Z - info: [ui] [Welcome] no sign in step found. ignoring...
2019-08-30T15:41:35.189Z - info: [ui] [Welcome] advancing to step: SignInToDotCom
2019-08-30T15:41:35.190Z - info: [ui] [Welcome] current sign in state not found. ignoring...
2019-08-30T15:41:49.391Z - info: [ui] [Welcome] kind Authentication is the same as Authentication. ignoring...
2019-08-30T15:41:50.075Z - info: [ui] [AppStore] adding account kolinbilly (Colin Szeto) to store
2019-08-30T15:41:50.087Z - info: [ui] [Welcome] advancing to step: ConfigureGit
2019-08-30T15:41:50.124Z - info: [ui] [Welcome] no sign in step found. ignoring...
2019-08-30T15:41:50.170Z - info: [ui] [Welcome] no sign in step found. ignoring...
2019-08-30T15:41:50.387Z - info: [ui] [Welcome] no sign in step found. ignoring...
2019-08-30T15:42:05.997Z - info: [ui] [Welcome] advancing to step: UsageOptOut
2019-08-30T15:42:08.365Z - info: [ui] [Welcome] no sign in step found. ignoring...
2019-08-30T15:42:24.431Z - info: [ui] Opt in reported.
2019-08-30T15:42:57.611Z - info: [ui] [AppStore.getAccountForRemoteURL] account found for remote: https://github.com/Del-Nort-Computer-Science-Period-1/Testing.git - kolinbilly (has token)
2019-08-30T15:42:58.755Z - info: [ui] Executing clone: git -c credential.helper= -c protocol.version=2 clone --recursive --progress -- https://github.com/Del-Nort-Computer-Science-Period-1/Testing.git /Users/1850970/Documents/GitHub/Testing (took 1.115s)
2019-08-30T15:42:58.788Z - info: [ui] [AppStore] adding repository at /Users/1850970/Documents/GitHub/Testing to store
2019-08-30T15:57:11.187Z - info: [ui] [AppStore.withAuthenticatingUser] account found for repository: Testing - kolinbilly (has token)
2019-08-30T15:58:54.894Z - info: [ui] [BranchPruner] Last prune took place in a day - skipping
2019-08-30T16:12:37.790Z - info: [ui] [AppStore.withAuthenticatingUser] account found for repository: Testing - kolinbilly (has token)
2019-08-30T16:12:38.045Z - info: [ui] [Timing] Action 'checkout branch from list' for 'del-nort-computer-science-period-1/Testing' took 0.240s
2019-08-30T16:12:38.790Z - info: [ui] [AppStore.withAuthenticatingUser] account found for repository: Testing - kolinbilly (has token)
2019-08-30T16:17:23.613Z - info: [ui] [AppStore.withAuthenticatingUser] account found for repository: Testing - kolinbilly (has token)
